<?xml version="1.0" encoding="UTF-8"?>
<!-- Generated by org.testng.reporters.JUnitReportReporter -->
<testsuite hostname="vinodhpc" failures="0" tests="6" name="com.tests.AddTests" time="0.016" errors="0" timestamp="2025-05-16T08:24:06 IST" skipped="0">
  <testcase classname="com.tests.AddTests" name="testAddFloatAndInt" time="0.001"/>
  <testcase classname="com.tests.AddTests" name="testAdd" time="0.011"/>
  <testcase classname="com.tests.AddTests" name="testAddTwoFloats" time="0.001"/>
  <testcase classname="com.tests.AddTests" name="testAddThreeFloats" time="0.001"/>
  <testcase classname="com.tests.AddTests" name="testAddThreeNumbers" time="0.001"/>
  <testcase classname="com.tests.AddTests" name="testAddIntAndFloat" time="0.001"/>
</testsuite> <!-- com.tests.AddTests -->
