<?xml version="1.0" encoding="UTF-8"?>
<!-- Generated by org.testng.reporters.JUnitReportReporter -->
<testsuite hostname="vinodhpc" failures="0" tests="2" name="com.tests.MessageTests" time="0.014" errors="0" timestamp="2025-05-23T08:32:05 IST" skipped="0">
  <testcase classname="com.tests.MessageTests" name="objectHandlerMessage" time="0.011"/>
  <testcase classname="com.tests.MessageTests" name="testTextMessage" time="0.003"/>
</testsuite> <!-- com.tests.MessageTests -->
