<?xml version="1.0" encoding="UTF-8"?>
<!-- Generated by org.testng.reporters.JUnitReportReporter -->
<testsuite hostname="vinodhpc" failures="0" tests="4" name="com.tests.ArrayTests" time="0.012" errors="0" timestamp="2025-05-15T08:09:44 IST" skipped="0">
  <testcase classname="com.tests.ArrayTests" name="testSumUnintialized" time="0.002"/>
  <testcase classname="com.tests.ArrayTests" name="testSum" time="0.001"/>
  <testcase classname="com.tests.ArrayTests" name="testMax" time="0.008"/>
  <testcase classname="com.tests.ArrayTests" name="testNegativeMax" time="0.001"/>
</testsuite> <!-- com.tests.ArrayTests -->
