<?xml version="1.0" encoding="UTF-8"?>
<!-- Generated by org.testng.reporters.JUnitReportReporter -->
<testsuite hostname="vinodhpc" failures="0" tests="3" name="com.tests.SimpleMathTest" time="0.012" errors="0" timestamp="2025-05-14T08:32:27 IST" skipped="0">
  <testcase classname="com.tests.SimpleMathTest" name="testAdd" time="0.009"/>
  <testcase classname="com.tests.SimpleMathTest" name="testLength" time="0.001"/>
  <testcase classname="com.tests.SimpleMathTest" name="testMul" time="0.002"/>
</testsuite> <!-- com.tests.SimpleMathTest -->
