<?xml version="1.0" encoding="UTF-8"?>
<!-- Generated by org.testng.reporters.JUnitReportReporter -->
<testsuite hostname="vinodhpc" failures="0" tests="2" name="com.tests.ShapeTests" time="0.014" errors="0" timestamp="2025-05-22T08:25:30 IST" skipped="0">
  <testcase classname="com.tests.ShapeTests" name="testArea" time="0.012"/>
  <testcase classname="com.tests.ShapeTests" name="testPerimeter" time="0.002"/>
</testsuite> <!-- com.tests.ShapeTests -->
